ISim log file
Running: C:\Users\Nima\Desktop\pwm\pwm\pwm_isim_beh.exe -intstyle ise -gui -tclbatch isim.cmd -wdb C:/Users/Nima/Desktop/pwm/pwm/pwm_isim_beh.wdb 
ISim P.20131013 (signature 0x7708f090)
This is a Full version of ISim.
Time resolution is 1 ps
# onerror resume
# wave add /
# run 1000 ns
Simulator is doing circuit initialization process.
Finished circuit initialization process.
# restart
# isim force add /pwm/number 55 -radix hex
# isim force add /pwm/start 0 -radix bin
# isim force add /pwm/lach 0 -radix bin
# run 1.00us
Simulator is doing circuit initialization process.
Finished circuit initialization process.
# isim force add /pwm/lach 1 -radix bin
# run 1.00us
# isim force add /pwm/lach 0 -radix bin
# run 1.00us
# isim force add /pwm/lach 1 -radix bin
# run 1.00us
# isim force add /pwm/lach 0 -radix bin
# run 1.00us
# isim force add /pwm/lach 0 -radix bin
# run 1.00us
# isim force add /pwm/lach 1 -radix bin
# run 1.00us
# isim force add /pwm/lach 0 -radix bin
# run 1.00us
# isim force add /pwm/lach 1 -radix bin
# run 1.00us
# isim force add /pwm/lach 0 -radix bin -value 1 -radix bin -time 500 fs -repeat 1 ps
# run 1.00us
# restart
# isim force add /pwm/number 55 -radix hex
# isim force add /pwm/start 0 -radix bin
# isim force add /pwm/lach 0 -radix bin -value 1 -radix bin -time 500 ps -repeat 1 ns
# run 1.00us
Simulator is doing circuit initialization process.
Finished circuit initialization process.
# restart
# isim force add /pwm/number 55 -radix hex
# isim force add /pwm/start 0 -radix bin
# isim force add /pwm/lach 0 -radix bin
# run 1.00us
Simulator is doing circuit initialization process.
Finished circuit initialization process.
# isim force add /pwm/lach 1 -radix bin
# run all
# run 1.00us
# restart
# isim force add /pwm/number 55 -radix hex
# isim force add /pwm/start 0 -radix bin
# isim force add /pwm/lach 0 -radix bin -time 1 ps -value 1 -radix bin -time 3 ps -repeat 4 ps
# run 1.00ms
Simulator is doing circuit initialization process.
Finished circuit initialization process.
Stopped at time : 237110159 ps : File "C:/Users/Nima/Desktop/pwm/pwm/pwm.vhd" Line 47
# isim force add /pwm/lach 0 -radix bin -value 1 -radix bin -time 500 ns -repeat 1 us
# run 1.00ms
# isim force add /pwm/clk_counter 0 -radix bin -value 1 -radix bin -time 500 us -repeat 1 ms
# run 1.00ms
# restart
# isim force add /pwm/clk_counter 0 -radix bin -value 1 -radix bin -time 500 us -repeat 1 ms -cancel 10 ms
# run 1.00ms
Simulator is doing circuit initialization process.
Finished circuit initialization process.
# restart
# isim force add /pwm/clk_counter 0 -radix bin -time 100 us -value 1 -radix bin -time 350 us -repeat 500 us -cancel 2 ms
# run 5.00ms
Simulator is doing circuit initialization process.
Finished circuit initialization process.
# restart
# isim force add /pwm/number 55 -radix hex -time 100 us
# isim force add /pwm/lach 0 -radix bin -time 200 us -value 1 -radix bin -time 450 us -repeat 500 us -cancel 1200 us
# isim force remove /pwm/start
Signal was not forced.
# isim force add /pwm/start 0 -radix bin
# run 5.00ms
Simulator is doing circuit initialization process.
Finished circuit initialization process.
# isim force add /pwm/lach 0 -radix bin
# isim force add /pwm/start 1 -radix bin
# isim force add /pwm/clk_counter 0 -radix bin -value 1 -radix bin -time 50 us -repeat 100 us
# run 5.00ms
# show driver /pwm/reg_count
Driver for /pwm/reg_count[0]
	'0'	: /pwm/:45
		  in File "C:/Users/Nima/Desktop/pwm/pwm/pwm.vhd" Line 45

Driver for /pwm/reg_count[1]
	'1'	: /pwm/:45
		  in File "C:/Users/Nima/Desktop/pwm/pwm/pwm.vhd" Line 45

Driver for /pwm/reg_count[2]
	'0'	: /pwm/:45
		  in File "C:/Users/Nima/Desktop/pwm/pwm/pwm.vhd" Line 45

Driver for /pwm/reg_count[3]
	'0'	: /pwm/:45
		  in File "C:/Users/Nima/Desktop/pwm/pwm/pwm.vhd" Line 45

Driver for /pwm/reg_count[4]
	'1'	: /pwm/:45
		  in File "C:/Users/Nima/Desktop/pwm/pwm/pwm.vhd" Line 45

Driver for /pwm/reg_count[5]
	'1'	: /pwm/:45
		  in File "C:/Users/Nima/Desktop/pwm/pwm/pwm.vhd" Line 45

Driver for /pwm/reg_count[6]
	'0'	: /pwm/:45
		  in File "C:/Users/Nima/Desktop/pwm/pwm/pwm.vhd" Line 45

Driver for /pwm/reg_count[7]
	'0'	: /pwm/:45
		  in File "C:/Users/Nima/Desktop/pwm/pwm/pwm.vhd" Line 45

# run 5.00ms
# run 5.00ms
# run 5.00ms
# run 1s
# isim force add /pwm/reg_pwm f0 -radix hex
# run 1s
# isim force add /pwm/reg_pwm ff -radix hex
# run 1s
# isim force add /pwm/reg_pwm 10 -radix hex
# run all
Stopped at time : 4187624700 us : File "C:/Users/Nima/Desktop/pwm/pwm/pwm.vhd" Line 47
# isim force add /pwm/reg_pwm 100 -radix unsigned
# isim force remove /pwm/start
# isim force add /pwm/start 1 -radix bin
# isim force add /pwm/clk_counter 0 -radix bin -value 1 -radix bin -time 500 us -repeat 1 ms
# run 1s
# run 1s
# run 1s
# isim force add /pwm/reg_pwm 10 -radix unsigned
# run 1s
# isim force add /pwm/reg_pwm 0 -radix bin
# run 1s
# isim force add /pwm/reg_pwm 150 -radix unsigned
# run 1s
# isim force add /pwm/reg_pwm 200 -radix unsigned
# run 1s
# run 1s
# run 1s
# isim force add /pwm/start 0 -radix bin
# run 1s
# run 1s
# isim force add /pwm/start 1 -radix bin
# run 1s
# isim force add /pwm/number 00 -radix hex
# run 1s
# run 1s
# run 1s
# run 1s
# run 1s
# run 1s
