Release 14.7 - xst P.20131013 (nt64)
Copyright (c) 1995-2013 Xilinx, Inc.  All rights reserved.
--> Parameter TMPDIR set to xst/projnav.tmp


Total REAL time to Xst completion: 0.00 secs
Total CPU time to Xst completion: 0.08 secs
 
--> Parameter xsthdpdir set to xst


Total REAL time to Xst completion: 0.00 secs
Total CPU time to Xst completion: 0.08 secs
 
--> Reading design: pwm.prj

TABLE OF CONTENTS
  1) Synthesis Options Summary
  2) HDL Compilation
  3) Design Hierarchy Analysis
  4) HDL Analysis
  5) HDL Synthesis
     5.1) HDL Synthesis Report
  6) Advanced HDL Synthesis
     6.1) Advanced HDL Synthesis Report
  7) Low Level Synthesis
  8) Partition Report
  9) Final Report

=========================================================================
*                      Synthesis Options Summary                        *
=========================================================================
---- Source Parameters
Input File Name                    : "pwm.prj"
Input Format                       : mixed
Ignore Synthesis Constraint File   : NO

---- Target Parameters
Output File Name                   : "pwm"
Output Format                      : NGC
Target Device                      : XC9500XL CPLDs

---- Source Options
Top Module Name                    : pwm
Automatic FSM Extraction           : YES
FSM Encoding Algorithm             : Auto
Safe Implementation                : No
Mux Extraction                     : Yes
Resource Sharing                   : YES

---- Target Options
Add IO Buffers                     : YES
MACRO Preserve                     : YES
XOR Preserve                       : YES
Equivalent register Removal        : YES

---- General Options
Optimization Goal                  : Speed
Optimization Effort                : 1
Keep Hierarchy                     : Yes
Netlist Hierarchy                  : As_Optimized
RTL Output                         : Yes
Hierarchy Separator                : /
Bus Delimiter                      : <>
Case Specifier                     : Maintain
Verilog 2001                       : YES

---- Other Options
Clock Enable                       : YES
wysiwyg                            : NO

=========================================================================


=========================================================================
*                          HDL Compilation                              *
=========================================================================
Compiling vhdl file "C:/Users/Nima/Desktop/pwm/pwm/pwm.vhd" in Library work.
Entity <pwm> compiled.
Entity <pwm> (Architecture <behavioral>) compiled.

=========================================================================
*                     Design Hierarchy Analysis                         *
=========================================================================
Analyzing hierarchy for entity <pwm> in library <work> (architecture <behavioral>).


=========================================================================
*                            HDL Analysis                               *
=========================================================================
Analyzing Entity <pwm> in library <work> (Architecture <behavioral>).
WARNING:Xst:819 - "C:/Users/Nima/Desktop/pwm/pwm/pwm.vhd" line 67: One or more signals are missing in the process sensitivity list. To enable synthesis of FPGA/CPLD hardware, XST will assume that all necessary signals are present in the sensitivity list. Please note that the result of the synthesis may differ from the initial design specification. The missing signals are:
   <pwm_out>, <test>
Entity <pwm> analyzed. Unit <pwm> generated.


=========================================================================
*                           HDL Synthesis                               *
=========================================================================

Performing bidirectional port resolution...

Synthesizing Unit <pwm>.
    Related source file is "C:/Users/Nima/Desktop/pwm/pwm/pwm.vhd".
    Found 1-bit register for signal <pwm_out>.
    Found 8-bit comparator greatequal for signal <pwm_out$cmp_ge0000> created at line 53.
    Found 8-bit up counter for signal <reg_count>.
    Found 8-bit register for signal <reg_pwm>.
    Summary:
	inferred   1 Counter(s).
	inferred   1 D-type flip-flop(s).
	inferred   1 Comparator(s).
Unit <pwm> synthesized.


=========================================================================
HDL Synthesis Report

Macro Statistics
# Counters                                             : 1
 8-bit up counter                                      : 1
# Registers                                            : 2
 1-bit register                                        : 1
 8-bit register                                        : 1
# Comparators                                          : 1
 8-bit comparator greatequal                           : 1

=========================================================================

=========================================================================
*                       Advanced HDL Synthesis                          *
=========================================================================


=========================================================================
Advanced HDL Synthesis Report

Macro Statistics
# Counters                                             : 1
 8-bit up counter                                      : 1
# Registers                                            : 1
 Flip-Flops                                            : 1

=========================================================================

=========================================================================
*                         Low Level Synthesis                           *
=========================================================================

Optimizing unit <pwm> ...
  implementation constraint: INIT=r	 : reg_pwm_7
  implementation constraint: INIT=r	 : reg_pwm_0
  implementation constraint: INIT=r	 : reg_pwm_1
  implementation constraint: INIT=r	 : reg_pwm_2
  implementation constraint: INIT=r	 : reg_pwm_3
  implementation constraint: INIT=r	 : reg_pwm_4
  implementation constraint: INIT=r	 : reg_pwm_5
  implementation constraint: INIT=r	 : reg_pwm_6
  implementation constraint: INIT=r	 : reg_count_7
  implementation constraint: INIT=r	 : reg_count_6
  implementation constraint: INIT=r	 : reg_count_5
  implementation constraint: INIT=r	 : reg_count_4
  implementation constraint: INIT=r	 : reg_count_3
  implementation constraint: INIT=r	 : reg_count_2
  implementation constraint: INIT=r	 : reg_count_1
  implementation constraint: INIT=r	 : reg_count_0

=========================================================================
*                           Partition Report                            *
=========================================================================

Partition Implementation Status
-------------------------------

  No Partitions were found in this design.

-------------------------------

=========================================================================
*                            Final Report                               *
=========================================================================
Final Results
RTL Top Level Output File Name     : pwm.ngr
Top Level Output File Name         : pwm
Output Format                      : NGC
Optimization Goal                  : Speed
Keep Hierarchy                     : Yes
Target Technology                  : XC9500XL CPLDs
Macro Preserve                     : YES
XOR Preserve                       : YES
Clock Enable                       : YES
wysiwyg                            : NO

Design Statistics
# IOs                              : 13

Cell Usage :
# BELS                             : 71
#      AND2                        : 19
#      AND3                        : 3
#      GND                         : 1
#      INV                         : 24
#      OR2                         : 16
#      OR3                         : 1
#      XOR2                        : 7
# FlipFlops/Latches                : 17
#      FDC                         : 9
#      FDCE                        : 8
# IO Buffers                       : 13
#      IBUF                        : 12
#      OBUF                        : 1
=========================================================================


Total REAL time to Xst completion: 3.00 secs
Total CPU time to Xst completion: 2.91 secs
 
--> 

Total memory usage is 4498308 kilobytes

Number of errors   :    0 (   0 filtered)
Number of warnings :    1 (   0 filtered)
Number of infos    :    0 (   0 filtered)

